<?xml version="1.0" encoding="UTF-8"?>
<!-- Generated by org.testng.reporters.JUnitReportReporter -->
<testsuite skipped="0" hostname="LAPTOP-D7J6ESPP" name="com.leafBot.testcases.DuplicateLeadTestCase" tests="1" failures="0" timestamp="2019-10-06T13:42:43 IST" time="23.531" errors="0">
  <testcase name="tc004_DuplicateLeadTestCase" time="23.531" classname="com.leafBot.testcases.DuplicateLeadTestCase"/>
</testsuite> <!-- com.leafBot.testcases.DuplicateLeadTestCase -->
