<?xml version="1.0" encoding="UTF-8"?>
<!-- Generated by org.testng.reporters.JUnitReportReporter -->
<testsuite skipped="0" hostname="LAPTOP-D7J6ESPP" name="com.leafBot.testcases.EditLeadTestCase" tests="2" failures="0" timestamp="2019-10-06T13:42:43 IST" time="39.120" errors="0">
  <testcase name="tc002_EditLead" time="19.603" classname="com.leafBot.testcases.EditLeadTestCase"/>
  <testcase name="tc002_EditLead" time="19.517" classname="com.leafBot.testcases.EditLeadTestCase"/>
</testsuite> <!-- com.leafBot.testcases.EditLeadTestCase -->
