<?xml version="1.0" encoding="UTF-8"?>
<!-- Generated by org.testng.reporters.JUnitReportReporter -->
<testsuite skipped="0" hostname="LAPTOP-D7J6ESPP" name="com.leafBot.testcases.CreateLeadTestCase" tests="2" failures="0" timestamp="2019-10-06T13:42:43 IST" time="39.380" errors="0">
  <testcase name="tC001_CreateLead" time="19.654" classname="com.leafBot.testcases.CreateLeadTestCase"/>
  <testcase name="tC001_CreateLead" time="19.726" classname="com.leafBot.testcases.CreateLeadTestCase"/>
</testsuite> <!-- com.leafBot.testcases.CreateLeadTestCase -->
