<?xml version="1.0" encoding="UTF-8"?>
<!-- Generated by org.testng.reporters.JUnitReportReporter -->
<testsuite skipped="0" hostname="LAPTOP-D7J6ESPP" name="com.leafBot.testcases.DeleteLeadTestCase" tests="2" failures="0" timestamp="2019-10-06T13:42:43 IST" time="45.575" errors="0">
  <testcase name="tC003_DeleteLeadTestCase" time="22.126" classname="com.leafBot.testcases.DeleteLeadTestCase"/>
  <testcase name="tC003_DeleteLeadTestCase" time="23.449" classname="com.leafBot.testcases.DeleteLeadTestCase"/>
</testsuite> <!-- com.leafBot.testcases.DeleteLeadTestCase -->
